<?xml version="1.0" encoding="UTF-8"?>
<testng-results skipped="0" failed="0" total="1" passed="1">
  <reporter-output>
  </reporter-output>
  <suite name="Default suite" duration-ms="27336" started-at="2018-06-28T13:32:57Z" finished-at="2018-06-28T13:33:24Z">
    <groups>
    </groups>
    <test name="Default test" duration-ms="27336" started-at="2018-06-28T13:32:57Z" finished-at="2018-06-28T13:33:24Z">
      <class name="com.qa.test.TestGetcall">
        <test-method status="PASS" signature="setup()[pri:0, instance:com.qa.test.TestGetcall@419c5f1a]" name="setup" is-config="true" duration-ms="7203" started-at="2018-06-28T09:32:57Z" finished-at="2018-06-28T09:33:04Z">
          <reporter-output>
          </reporter-output>
        </test-method> <!-- setup -->
        <test-method status="PASS" signature="getTest()[pri:0, instance:com.qa.test.TestGetcall@419c5f1a]" name="getTest" duration-ms="20101" started-at="2018-06-28T09:33:04Z" finished-at="2018-06-28T09:33:24Z">
          <reporter-output>
          </reporter-output>
        </test-method> <!-- getTest -->
      </class> <!-- com.qa.test.TestGetcall -->
    </test> <!-- Default test -->
  </suite> <!-- Default suite -->
</testng-results>
